<?xml version="1.0" encoding="UTF-8"?>
<testsuite xmlns:xsi="http://www.w3.org/2001/XMLSchema-instance" xsi:noNamespaceSchemaLocation="https://maven.apache.org/surefire/maven-surefire-plugin/xsd/surefire-test-report-3.0.xsd" version="3.0" name="stepDef.RunCucumberTest" time="42.241" tests="3" errors="0" skipped="0" failures="0">
  <properties>
[...]
</properties>
  <testcase name="Naviguer sur site Hermes" classname="Naviguer sur sit Hermes" time="0.196">
    <system-out><![CDATA[
@TEST_PT-11
Scenario: Naviguer sur site Hermes &amp#27;[90m# cucumber/PT-11.feature:8&amp#27;[0m
]]></system-out>
  </testcase>
  <testcase name="Effacer la valeur rentree" classname="Naviguer sur sit Hermes" time="0.025">
    <system-out><![CDATA[
Scenario: Effacer la valeur rentree &amp#27;[90m# cucumber/PT-11.feature:24&amp#27;[0m
]]></system-out>
  </testcase>
  <testcase name="Example #1" classname="Examples" time="37.232">
    <system-out><![CDATA[
Example: deuxieme test                                                                                  &amp#27;[90m# cucumber/PT-11.feature:46&amp#27;[0m
Le mot de pass Encrypter :: VGVzdEF1dG8yMiQ=
TestAuto22$
  &amp#27;[32mGiven &amp#27;[0m&amp#27;[32mJe navigue sur le site Hermes en rentrant les valeurs Tpa:&amp#27;[0m&amp#27;[32m&amp#27;[1m"B01"&amp#27;[0m&amp#27;[32m et Code article:&amp#27;[0m&amp#27;[32m&amp#27;[1m"Y3003-Y01-012"&amp#27;[0m &amp#27;[90m# stepDef.StepDefinitionsIncrementation.naviguation_site_hermes(java.lang.String,java.lang.String)&amp#27;[0m
  &amp#27;[32mAnd &amp#27;[0m&amp#27;[32mAppuie sur la fleche pour acceder au tableau de valeur&amp#27;[0m                                            &amp#27;[90m# stepDef.StepDefinitionsIncrementation.appuie_fleche()&amp#27;[0m
  &amp#27;[32mAnd &amp#27;[0m&amp#27;[32mappuyer sur utiliser&amp#27;[0m                                                                              &amp#27;[90m# stepDef.StepDefinitionsIncrementation.appuyer()&amp#27;[0m
  &amp#27;[32mAnd &amp#27;[0m&amp#27;[32mselectioner la valeur a supprimer &amp#27;[0m&amp#27;[32m&amp#27;[1m"125710"&amp#27;[0m&amp#27;[32m et appuyer sur SUPPR+ENTRER&amp#27;[0m                            &amp#27;[90m# stepDef.StepDefinitionsIncrementation.valeur_a_supprimer(java.lang.String)&amp#27;[0m
]]></system-out>
    <system-err><![CDATA[SLF4J: Failed to load class "org.slf4j.impl.StaticLoggerBinder".
SLF4J: Defaulting to no-operation (NOP) logger implementation
SLF4J: See http://www.slf4j.org/codes.html#StaticLoggerBinder for further details.
Starting ChromeDriver 101.0.4951.41 (93c720db8323b3ec10d056025ab95c23a31997c9-refs/branch-heads/4951@{#904}) on port 52319
Only local connections are allowed.
Please see https://chromedriver.chromium.org/security-considerations for suggestions on keeping ChromeDriver safe.
ChromeDriver was started successfully.
May 19, 2022 2:31:01 PM org.openqa.selenium.remote.ProtocolHandshake createSession
INFO: Detected dialect: W3C
May 19, 2022 2:31:01 PM org.openqa.selenium.devtools.CdpVersionFinder findNearestMatch
WARNING: Unable to find an exact match for CDP version 101, so returning the closest version found: 99
May 19, 2022 2:31:01 PM org.openqa.selenium.devtools.CdpVersionFinder findNearestMatch
INFO: Found CDP implementation for version 101 of 99
]]></system-err>
  </testcase>
</testsuite>